0 verbose cli /data/data/com.termux/files/usr/bin/node /data/data/com.termux/files/usr/bin/npm
1 info using npm@11.6.2
2 info using node@v24.12.0
3 silly config load:file:/data/data/com.termux/files/usr/lib/node_modules/npm/npmrc
4 silly config load:file:/data/data/com.termux/files/home/ACPN/ACPN/contracts/.npmrc
5 silly config load:file:/data/data/com.termux/files/home/.npmrc
6 silly config load:file:/data/data/com.termux/files/usr/etc/npmrc
7 verbose title npm start
8 verbose argv "start"
9 verbose logfile logs-max:10 dir:/data/data/com.termux/files/home/.npm/_logs/2026-01-04T02_58_34_446Z-
10 verbose logfile /data/data/com.termux/files/home/.npm/_logs/2026-01-04T02_58_34_446Z-debug-0.log
11 silly logfile start cleaning logs, removing 1 files
12 silly logfile done cleaning log files
13 verbose stack Error: Missing script: "start"
13 verbose stack
13 verbose stack Did you mean one of these?
13 verbose stack   npm star # Mark your favorite packages
13 verbose stack   npm stars # View packages marked as favorites
13 verbose stack
13 verbose stack To see a list of scripts, run:
13 verbose stack   npm run
13 verbose stack     at #run (/data/data/com.termux/files/usr/lib/node_modules/npm/lib/commands/run.js:115:13)
13 verbose stack     at async RunScript.exec (/data/data/com.termux/files/usr/lib/node_modules/npm/lib/commands/run.js:44:7)
13 verbose stack     at async Npm.exec (/data/data/com.termux/files/usr/lib/node_modules/npm/lib/npm.js:208:9)
13 verbose stack     at async module.exports (/data/data/com.termux/files/usr/lib/node_modules/npm/lib/cli/entry.js:60:5)
14 error Missing script: "start"
14 error
14 error Did you mean one of these?
14 error   npm star # Mark your favorite packages
14 error   npm stars # View packages marked as favorites
14 error
14 error To see a list of scripts, run:
14 error   npm run
15 verbose cwd /data/data/com.termux/files/home/ACPN/ACPN/contracts/contracts
16 verbose os Linux 5.15.167-android13-8-00020-g8713724d3081-ab13744575
17 verbose node v24.12.0
18 verbose npm  v11.6.2
19 verbose exit 1
20 verbose code 1
21 error A complete log of this run can be found in: /data/data/com.termux/files/home/.npm/_logs/2026-01-04T02_58_34_446Z-debug-0.log
